[35m[1mScanning dependencies of target _ros_detect_planes_from_depth_img_generate_messages_check_deps_PlanesResults[0m
[  0%] Built target _ros_detect_planes_from_depth_img_generate_messages_check_deps_PlanesResults
[35m[1mScanning dependencies of target std_msgs_generate_messages_eus[0m
[  0%] Built target std_msgs_generate_messages_eus
[35m[1mScanning dependencies of target geometry_msgs_generate_messages_eus[0m
[  0%] Built target geometry_msgs_generate_messages_eus
[35m[1mScanning dependencies of target std_msgs_generate_messages_py[0m
[  0%] Built target std_msgs_generate_messages_py
[35m[1mScanning dependencies of target geometry_msgs_generate_messages_py[0m
[  0%] Built target geometry_msgs_generate_messages_py
[35m[1mScanning dependencies of target geometry_msgs_generate_messages_nodejs[0m
[  0%] Built target geometry_msgs_generate_messages_nodejs
[35m[1mScanning dependencies of target std_msgs_generate_messages_nodejs[0m
[  0%] Built target std_msgs_generate_messages_nodejs
[35m[1mScanning dependencies of target std_msgs_generate_messages_lisp[0m
[  0%] Built target std_msgs_generate_messages_lisp
[35m[1mScanning dependencies of target geometry_msgs_generate_messages_lisp[0m
[  0%] Built target geometry_msgs_generate_messages_lisp
[35m[1mScanning dependencies of target std_msgs_generate_messages_cpp[0m
[  0%] Built target std_msgs_generate_messages_cpp
[35m[1mScanning dependencies of target geometry_msgs_generate_messages_cpp[0m
[  0%] Built target geometry_msgs_generate_messages_cpp
[35m[1mScanning dependencies of target ros_detect_planes_from_depth_img_generate_messages_eus[0m
[ 14%] [34m[1mGenerating EusLisp code from ros_detect_planes_from_depth_img/PlanesResults.msg[0m
[ 28%] [34m[1mGenerating EusLisp manifest code for ros_detect_planes_from_depth_img[0m
[ 28%] Built target ros_detect_planes_from_depth_img_generate_messages_eus
[35m[1mScanning dependencies of target ros_detect_planes_from_depth_img_generate_messages_py[0m
[ 42%] [34m[1mGenerating Python from MSG ros_detect_planes_from_depth_img/PlanesResults[0m
[ 57%] [34m[1mGenerating Python msg __init__.py for ros_detect_planes_from_depth_img[0m
[ 57%] Built target ros_detect_planes_from_depth_img_generate_messages_py
[35m[1mScanning dependencies of target ros_detect_planes_from_depth_img_generate_messages_nodejs[0m
[ 71%] [34m[1mGenerating Javascript code from ros_detect_planes_from_depth_img/PlanesResults.msg[0m
[ 71%] Built target ros_detect_planes_from_depth_img_generate_messages_nodejs
[35m[1mScanning dependencies of target ros_detect_planes_from_depth_img_generate_messages_lisp[0m
[ 85%] [34m[1mGenerating Lisp code from ros_detect_planes_from_depth_img/PlanesResults.msg[0m
[ 85%] Built target ros_detect_planes_from_depth_img_generate_messages_lisp
[35m[1mScanning dependencies of target ros_detect_planes_from_depth_img_generate_messages_cpp[0m
[100%] [34m[1mGenerating C++ code from ros_detect_planes_from_depth_img/PlanesResults.msg[0m
[100%] Built target ros_detect_planes_from_depth_img_generate_messages_cpp
[35m[1mScanning dependencies of target ros_detect_planes_from_depth_img_generate_messages[0m
[100%] Built target ros_detect_planes_from_depth_img_generate_messages
