[  0%] Built target geometry_msgs_generate_messages_py
[  0%] Built target actionlib_msgs_generate_messages_lisp
[  0%] Built target actionlib_msgs_generate_messages_py
[  0%] Built target sensor_msgs_generate_messages_eus
[  0%] Built target geometry_msgs_generate_messages_lisp
[  0%] Built target tf_generate_messages_py
[  0%] Built target sensor_msgs_generate_messages_py
[  0%] Built target sensor_msgs_generate_messages_nodejs
[  0%] Built target roscpp_generate_messages_cpp
[  0%] Built target sensor_msgs_generate_messages_lisp
[  0%] Built target actionlib_generate_messages_cpp
[  0%] Built target nav_msgs_generate_messages_cpp
[  0%] Built target geometry_msgs_generate_messages_eus
[  0%] Built target roscpp_generate_messages_py
[  0%] Built target nav_msgs_generate_messages_lisp
[  0%] Built target geometry_msgs_generate_messages_nodejs
[  0%] Built target std_srvs_generate_messages_eus
[  0%] Built target roscpp_generate_messages_lisp
[  0%] Built target rosgraph_msgs_generate_messages_cpp
[  0%] Built target topic_tools_generate_messages_cpp
[  0%] Built target roscpp_generate_messages_nodejs
[  0%] Built target std_msgs_generate_messages_lisp
[  0%] Built target std_msgs_generate_messages_cpp
[  0%] Built target geometry_msgs_generate_messages_cpp
[  0%] Built target std_srvs_generate_messages_cpp
[  0%] Built target _rovio_generate_messages_check_deps_SrvResetToPose
[  0%] Built target std_msgs_generate_messages_py
[  0%] Built target sensor_msgs_generate_messages_cpp
[  0%] Built target rosgraph_msgs_generate_messages_eus
[  0%] Built target rosgraph_msgs_generate_messages_lisp
[  0%] Built target rosgraph_msgs_generate_messages_nodejs
[  0%] Built target std_msgs_generate_messages_eus
[  0%] Built target actionlib_msgs_generate_messages_eus
[  0%] Built target roscpp_generate_messages_eus
[  0%] Built target rosgraph_msgs_generate_messages_py
[  0%] Built target std_msgs_generate_messages_nodejs
[  0%] Built target actionlib_msgs_generate_messages_cpp
[  0%] Built target tf_generate_messages_eus
[  0%] Built target tf_generate_messages_lisp
[  0%] Built target tf_generate_messages_nodejs
[  0%] Built target actionlib_generate_messages_eus
[  0%] Built target actionlib_generate_messages_lisp
[  0%] Built target std_srvs_generate_messages_nodejs
[  5%] Built target rovio_generate_messages_lisp
[  5%] Built target tf_generate_messages_cpp
[  5%] Built target actionlib_generate_messages_nodejs
[  5%] Built target nav_msgs_generate_messages_nodejs
[  5%] Built target topic_tools_generate_messages_nodejs
[  5%] Built target tf2_msgs_generate_messages_cpp
[  5%] Built target nav_msgs_generate_messages_eus
[  5%] Built target tf2_msgs_generate_messages_eus
[ 11%] Built target rovio_generate_messages_nodejs
[ 11%] Built target nav_msgs_generate_messages_py
[ 11%] Built target tf2_msgs_generate_messages_lisp
[ 11%] Built target actionlib_generate_messages_py
[ 11%] Built target tf2_msgs_generate_messages_py
[ 11%] Built target tf2_msgs_generate_messages_nodejs
[ 11%] Built target std_srvs_generate_messages_lisp
[ 11%] Built target std_srvs_generate_messages_py
[ 11%] Built target topic_tools_generate_messages_lisp
[ 11%] Built target topic_tools_generate_messages_eus
[ 11%] Built target actionlib_msgs_generate_messages_nodejs
[ 17%] Built target topic_tools_generate_messages_py
[ 17%] Built target rovio_generate_messages_cpp
[ 29%] Built target rovio_generate_messages_py
[ 41%] Built target rovio_generate_messages_eus
[ 41%] Built target rovio_generate_messages
[ 64%] Built target rovio
[ 70%] [32mBuilding CXX object CMakeFiles/rovio_node.dir/src/rovio_node.cpp.o[0m
[ 76%] [32mBuilding CXX object CMakeFiles/rovio_rosbag_loader.dir/src/rovio_rosbag_loader.cpp.o[0m
[ 88%] Built target feature_tracker_node
[ 94%] [32m[1mLinking CXX executable /home/isro/isro_ws/devel/.private/rovio/lib/rovio/rovio_node[0m
[ 94%] Built target rovio_node
[100%] [32m[1mLinking CXX executable /home/isro/isro_ws/devel/.private/rovio/lib/rovio/rovio_rosbag_loader[0m
[100%] Built target rovio_rosbag_loader
