Symlinking /home/isro/isro_ws/devel/include/rovio/SrvResetToPose.h
Symlinking /home/isro/isro_ws/devel/include/rovio/SrvResetToPoseRequest.h
Symlinking /home/isro/isro_ws/devel/include/rovio/SrvResetToPoseResponse.h
Symlinking /home/isro/isro_ws/devel/lib/librovio.so
Symlinking /home/isro/isro_ws/devel/lib/python2.7/dist-packages/rovio/__init__.py
Symlinking /home/isro/isro_ws/devel/lib/python2.7/dist-packages/rovio/srv/__init__.py
Symlinking /home/isro/isro_ws/devel/lib/python2.7/dist-packages/rovio/srv/_SrvResetToPose.py
Symlinking /home/isro/isro_ws/devel/lib/rovio/rovio_node
Symlinking /home/isro/isro_ws/devel/lib/rovio/feature_tracker_node
Symlinking /home/isro/isro_ws/devel/lib/rovio/rovio_rosbag_loader
Symlinking /home/isro/isro_ws/devel/lib/pkgconfig/rovio.pc
Symlinking /home/isro/isro_ws/devel/lib/pkgconfig/lightweight_filtering.pc
Symlinking /home/isro/isro_ws/devel/share/roseus/ros/rovio/manifest.l
Symlinking /home/isro/isro_ws/devel/share/roseus/ros/rovio/srv/SrvResetToPose.l
Symlinking /home/isro/isro_ws/devel/share/common-lisp/ros/rovio/srv/_package.lisp
Symlinking /home/isro/isro_ws/devel/share/common-lisp/ros/rovio/srv/rovio-srv.asd
Symlinking /home/isro/isro_ws/devel/share/common-lisp/ros/rovio/srv/SrvResetToPose.lisp
Symlinking /home/isro/isro_ws/devel/share/common-lisp/ros/rovio/srv/_package_SrvResetToPose.lisp
Symlinking /home/isro/isro_ws/devel/share/rovio/cmake/rovio-msg-paths.cmake
Symlinking /home/isro/isro_ws/devel/share/rovio/cmake/rovioConfig.cmake
Symlinking /home/isro/isro_ws/devel/share/rovio/cmake/rovio-msg-extras.cmake
Symlinking /home/isro/isro_ws/devel/share/rovio/cmake/rovioConfig-version.cmake
Symlinking /home/isro/isro_ws/devel/share/gennodejs/ros/rovio/_index.js
Symlinking /home/isro/isro_ws/devel/share/gennodejs/ros/rovio/srv/_index.js
Symlinking /home/isro/isro_ws/devel/share/gennodejs/ros/rovio/srv/SrvResetToPose.js
Symlinking /home/isro/isro_ws/devel/share/lightweight_filtering/cmake/lightweight_filteringConfig.cmake
Symlinking /home/isro/isro_ws/devel/share/lightweight_filtering/cmake/lightweight_filteringConfig-version.cmake
