[  0%] Built target sensor_msgs_generate_messages_eus
[  0%] Built target actionlib_msgs_generate_messages_py
[  0%] Built target actionlib_msgs_generate_messages_lisp
[  0%] Built target geometry_msgs_generate_messages_py
[  0%] Built target geometry_msgs_generate_messages_lisp
[  0%] Built target sensor_msgs_generate_messages_py
[  0%] Built target tf_generate_messages_py
[  0%] Built target sensor_msgs_generate_messages_nodejs
[  0%] Built target roscpp_generate_messages_cpp
[  0%] Built target actionlib_generate_messages_cpp
[  0%] Built target nav_msgs_generate_messages_cpp
[  0%] Built target sensor_msgs_generate_messages_lisp
[  0%] Built target geometry_msgs_generate_messages_eus
[  0%] Built target roscpp_generate_messages_py
[  0%] Built target nav_msgs_generate_messages_lisp
[  0%] Built target geometry_msgs_generate_messages_nodejs
[  0%] Built target std_srvs_generate_messages_eus
[  0%] Built target roscpp_generate_messages_lisp
[  0%] Built target rosgraph_msgs_generate_messages_cpp
[  0%] Built target topic_tools_generate_messages_cpp
[  0%] Built target roscpp_generate_messages_nodejs
[  0%] Built target std_msgs_generate_messages_lisp
[  0%] Built target _rovio_generate_messages_check_deps_SrvResetToPose
[  0%] Built target std_msgs_generate_messages_cpp
[  0%] Built target geometry_msgs_generate_messages_cpp
[  0%] Built target std_srvs_generate_messages_cpp
[  0%] Built target sensor_msgs_generate_messages_cpp
[  0%] Built target std_msgs_generate_messages_py
[  0%] Built target rosgraph_msgs_generate_messages_eus
[  0%] Built target rosgraph_msgs_generate_messages_lisp
[  0%] Built target std_msgs_generate_messages_eus
[  0%] Built target rosgraph_msgs_generate_messages_nodejs
[  0%] Built target actionlib_msgs_generate_messages_eus
[  0%] Built target roscpp_generate_messages_eus
[  0%] Built target rosgraph_msgs_generate_messages_py
[  0%] Built target std_msgs_generate_messages_nodejs
[  0%] Built target actionlib_msgs_generate_messages_cpp
[  0%] Built target tf_generate_messages_eus
[  0%] Built target tf_generate_messages_lisp
[  0%] Built target tf_generate_messages_nodejs
[  0%] Built target actionlib_generate_messages_eus
[  0%] Built target actionlib_generate_messages_lisp
[  0%] Built target std_srvs_generate_messages_nodejs
[  5%] Built target rovio_generate_messages_lisp
[  5%] Built target tf_generate_messages_cpp
[  5%] Built target actionlib_generate_messages_nodejs
[  5%] Built target nav_msgs_generate_messages_nodejs
[  5%] Built target topic_tools_generate_messages_nodejs
[  5%] Built target tf2_msgs_generate_messages_cpp
[  5%] Built target nav_msgs_generate_messages_eus
[  5%] Built target tf2_msgs_generate_messages_eus
[ 11%] Built target rovio_generate_messages_nodejs
[ 11%] Built target nav_msgs_generate_messages_py
[ 11%] Built target tf2_msgs_generate_messages_lisp
[ 11%] Built target actionlib_generate_messages_py
[ 11%] Built target tf2_msgs_generate_messages_py
[ 11%] Built target tf2_msgs_generate_messages_nodejs
[ 11%] Built target std_srvs_generate_messages_lisp
[ 11%] Built target topic_tools_generate_messages_lisp
[ 11%] Built target std_srvs_generate_messages_py
[ 11%] Built target topic_tools_generate_messages_eus
[ 11%] Built target actionlib_msgs_generate_messages_nodejs
[ 11%] Built target topic_tools_generate_messages_py
[ 17%] Built target rovio_generate_messages_cpp
[ 29%] Built target rovio_generate_messages_py
[ 41%] Built target rovio_generate_messages_eus
[ 64%] Built target rovio
[ 64%] Built target rovio_generate_messages
[ 76%] Built target rovio_rosbag_loader
[ 88%] Built target feature_tracker_node
[100%] Built target rovio_node
