Determining if the pthread_create exist failed with the following output:
Change Dir: /home/isro/isro_ws/build/ros_detect_planes_from_depth_img/CMakeFiles/CMakeTmp

Run Build Command:"/usr/bin/make" "cmTC_0346b/fast"
/usr/bin/make -f CMakeFiles/cmTC_0346b.dir/build.make CMakeFiles/cmTC_0346b.dir/build
make[1]: Entering directory '/home/isro/isro_ws/build/ros_detect_planes_from_depth_img/CMakeFiles/CMakeTmp'
Building C object CMakeFiles/cmTC_0346b.dir/CheckSymbolExists.c.o
/usr/bin/cc    -o CMakeFiles/cmTC_0346b.dir/CheckSymbolExists.c.o   -c /home/isro/isro_ws/build/ros_detect_planes_from_depth_img/CMakeFiles/CMakeTmp/CheckSymbolExists.c
Linking C executable cmTC_0346b
/usr/bin/cmake -E cmake_link_script CMakeFiles/cmTC_0346b.dir/link.txt --verbose=1
/usr/bin/cc      -rdynamic CMakeFiles/cmTC_0346b.dir/CheckSymbolExists.c.o  -o cmTC_0346b 
CMakeFiles/cmTC_0346b.dir/CheckSymbolExists.c.o: In function `main':
CheckSymbolExists.c:(.text+0x14): undefined reference to `pthread_create'
CheckSymbolExists.c:(.text+0x18): undefined reference to `pthread_create'
collect2: error: ld returned 1 exit status
CMakeFiles/cmTC_0346b.dir/build.make:97: recipe for target 'cmTC_0346b' failed
make[1]: *** [cmTC_0346b] Error 1
make[1]: Leaving directory '/home/isro/isro_ws/build/ros_detect_planes_from_depth_img/CMakeFiles/CMakeTmp'
Makefile:126: recipe for target 'cmTC_0346b/fast' failed
make: *** [cmTC_0346b/fast] Error 2

File /home/isro/isro_ws/build/ros_detect_planes_from_depth_img/CMakeFiles/CMakeTmp/CheckSymbolExists.c:
/* */
#include <pthread.h>

int main(int argc, char** argv)
{
  (void)argv;
#ifndef pthread_create
  return ((int*)(&pthread_create))[argc];
#else
  (void)argc;
  return 0;
#endif
}

Determining if the function pthread_create exists in the pthreads failed with the following output:
Change Dir: /home/isro/isro_ws/build/ros_detect_planes_from_depth_img/CMakeFiles/CMakeTmp

Run Build Command:"/usr/bin/make" "cmTC_f412c/fast"
/usr/bin/make -f CMakeFiles/cmTC_f412c.dir/build.make CMakeFiles/cmTC_f412c.dir/build
make[1]: Entering directory '/home/isro/isro_ws/build/ros_detect_planes_from_depth_img/CMakeFiles/CMakeTmp'
Building C object CMakeFiles/cmTC_f412c.dir/CheckFunctionExists.c.o
/usr/bin/cc   -DCHECK_FUNCTION_EXISTS=pthread_create   -o CMakeFiles/cmTC_f412c.dir/CheckFunctionExists.c.o   -c /usr/share/cmake-3.10/Modules/CheckFunctionExists.c
Linking C executable cmTC_f412c
/usr/bin/cmake -E cmake_link_script CMakeFiles/cmTC_f412c.dir/link.txt --verbose=1
/usr/bin/cc  -DCHECK_FUNCTION_EXISTS=pthread_create    -rdynamic CMakeFiles/cmTC_f412c.dir/CheckFunctionExists.c.o  -o cmTC_f412c -lpthreads 
/usr/bin/ld: cannot find -lpthreads
collect2: error: ld returned 1 exit status
CMakeFiles/cmTC_f412c.dir/build.make:97: recipe for target 'cmTC_f412c' failed
make[1]: *** [cmTC_f412c] Error 1
make[1]: Leaving directory '/home/isro/isro_ws/build/ros_detect_planes_from_depth_img/CMakeFiles/CMakeTmp'
Makefile:126: recipe for target 'cmTC_f412c/fast' failed
make: *** [cmTC_f412c/fast] Error 2


