Determining if the pthread_create exist failed with the following output:
Change Dir: /home/isro/isro_ws/build/ddynamic_reconfigure/CMakeFiles/CMakeTmp

Run Build Command:"/usr/bin/make" "cmTC_05570/fast"
/usr/bin/make -f CMakeFiles/cmTC_05570.dir/build.make CMakeFiles/cmTC_05570.dir/build
make[1]: Entering directory '/home/isro/isro_ws/build/ddynamic_reconfigure/CMakeFiles/CMakeTmp'
Building C object CMakeFiles/cmTC_05570.dir/CheckSymbolExists.c.o
/usr/bin/cc    -o CMakeFiles/cmTC_05570.dir/CheckSymbolExists.c.o   -c /home/isro/isro_ws/build/ddynamic_reconfigure/CMakeFiles/CMakeTmp/CheckSymbolExists.c
Linking C executable cmTC_05570
/usr/bin/cmake -E cmake_link_script CMakeFiles/cmTC_05570.dir/link.txt --verbose=1
/usr/bin/cc      -rdynamic CMakeFiles/cmTC_05570.dir/CheckSymbolExists.c.o  -o cmTC_05570 
CMakeFiles/cmTC_05570.dir/CheckSymbolExists.c.o: In function `main':
CheckSymbolExists.c:(.text+0x14): undefined reference to `pthread_create'
CheckSymbolExists.c:(.text+0x18): undefined reference to `pthread_create'
collect2: error: ld returned 1 exit status
CMakeFiles/cmTC_05570.dir/build.make:97: recipe for target 'cmTC_05570' failed
make[1]: *** [cmTC_05570] Error 1
make[1]: Leaving directory '/home/isro/isro_ws/build/ddynamic_reconfigure/CMakeFiles/CMakeTmp'
Makefile:126: recipe for target 'cmTC_05570/fast' failed
make: *** [cmTC_05570/fast] Error 2

File /home/isro/isro_ws/build/ddynamic_reconfigure/CMakeFiles/CMakeTmp/CheckSymbolExists.c:
/* */
#include <pthread.h>

int main(int argc, char** argv)
{
  (void)argv;
#ifndef pthread_create
  return ((int*)(&pthread_create))[argc];
#else
  (void)argc;
  return 0;
#endif
}

Determining if the function pthread_create exists in the pthreads failed with the following output:
Change Dir: /home/isro/isro_ws/build/ddynamic_reconfigure/CMakeFiles/CMakeTmp

Run Build Command:"/usr/bin/make" "cmTC_eec5d/fast"
/usr/bin/make -f CMakeFiles/cmTC_eec5d.dir/build.make CMakeFiles/cmTC_eec5d.dir/build
make[1]: Entering directory '/home/isro/isro_ws/build/ddynamic_reconfigure/CMakeFiles/CMakeTmp'
Building C object CMakeFiles/cmTC_eec5d.dir/CheckFunctionExists.c.o
/usr/bin/cc   -DCHECK_FUNCTION_EXISTS=pthread_create   -o CMakeFiles/cmTC_eec5d.dir/CheckFunctionExists.c.o   -c /usr/share/cmake-3.10/Modules/CheckFunctionExists.c
Linking C executable cmTC_eec5d
/usr/bin/cmake -E cmake_link_script CMakeFiles/cmTC_eec5d.dir/link.txt --verbose=1
/usr/bin/cc  -DCHECK_FUNCTION_EXISTS=pthread_create    -rdynamic CMakeFiles/cmTC_eec5d.dir/CheckFunctionExists.c.o  -o cmTC_eec5d -lpthreads 
/usr/bin/ld: cannot find -lpthreads
collect2: error: ld returned 1 exit status
CMakeFiles/cmTC_eec5d.dir/build.make:97: recipe for target 'cmTC_eec5d' failed
make[1]: *** [cmTC_eec5d] Error 1
make[1]: Leaving directory '/home/isro/isro_ws/build/ddynamic_reconfigure/CMakeFiles/CMakeTmp'
Makefile:126: recipe for target 'cmTC_eec5d/fast' failed
make: *** [cmTC_eec5d/fast] Error 2


