Performing C SOURCE FILE Test CMAKE_HAVE_LIBC_PTHREAD failed with the following output:
Change Dir: /home/isro/isro_ws/build/rtabmap/CMakeFiles/CMakeTmp

Run Build Command(s):/usr/bin/make -f Makefile cmTC_7e79a/fast && /usr/bin/make  -f CMakeFiles/cmTC_7e79a.dir/build.make CMakeFiles/cmTC_7e79a.dir/build
make[1]: Entering directory '/home/isro/isro_ws/build/rtabmap/CMakeFiles/CMakeTmp'
Building C object CMakeFiles/cmTC_7e79a.dir/src.c.o
/usr/bin/cc -DCMAKE_HAVE_LIBC_PTHREAD  -fmessage-length=0  -o CMakeFiles/cmTC_7e79a.dir/src.c.o -c /home/isro/isro_ws/build/rtabmap/CMakeFiles/CMakeTmp/src.c
Linking C executable cmTC_7e79a
/opt/cmake-3.24.2/bin/cmake -E cmake_link_script CMakeFiles/cmTC_7e79a.dir/link.txt --verbose=1
/usr/bin/cc  -fmessage-length=0  -rdynamic CMakeFiles/cmTC_7e79a.dir/src.c.o -o cmTC_7e79a 
CMakeFiles/cmTC_7e79a.dir/src.c.o: In function `main':
src.c:(.text+0x48): undefined reference to `pthread_create'
src.c:(.text+0x50): undefined reference to `pthread_detach'
src.c:(.text+0x58): undefined reference to `pthread_cancel'
src.c:(.text+0x64): undefined reference to `pthread_join'
src.c:(.text+0x74): undefined reference to `pthread_atfork'
collect2: error: ld returned 1 exit status
CMakeFiles/cmTC_7e79a.dir/build.make:98: recipe for target 'cmTC_7e79a' failed
make[1]: *** [cmTC_7e79a] Error 1
make[1]: Leaving directory '/home/isro/isro_ws/build/rtabmap/CMakeFiles/CMakeTmp'
Makefile:127: recipe for target 'cmTC_7e79a/fast' failed
make: *** [cmTC_7e79a/fast] Error 2


Source file was:
#include <pthread.h>

static void* test_func(void* data)
{
  return data;
}

int main(void)
{
  pthread_t thread;
  pthread_create(&thread, NULL, test_func, NULL);
  pthread_detach(thread);
  pthread_cancel(thread);
  pthread_join(thread, NULL);
  pthread_atfork(NULL, NULL, NULL);
  pthread_exit(NULL);

  return 0;
}

Determining if the function pthread_create exists in the pthreads failed with the following output:
Change Dir: /home/isro/isro_ws/build/rtabmap/CMakeFiles/CMakeTmp

Run Build Command(s):/usr/bin/make -f Makefile cmTC_7c8ae/fast && /usr/bin/make  -f CMakeFiles/cmTC_7c8ae.dir/build.make CMakeFiles/cmTC_7c8ae.dir/build
make[1]: Entering directory '/home/isro/isro_ws/build/rtabmap/CMakeFiles/CMakeTmp'
Building C object CMakeFiles/cmTC_7c8ae.dir/CheckFunctionExists.c.o
/usr/bin/cc   -fmessage-length=0 -DCHECK_FUNCTION_EXISTS=pthread_create -o CMakeFiles/cmTC_7c8ae.dir/CheckFunctionExists.c.o -c /opt/cmake-3.24.2/share/cmake-3.24/Modules/CheckFunctionExists.c
Linking C executable cmTC_7c8ae
/opt/cmake-3.24.2/bin/cmake -E cmake_link_script CMakeFiles/cmTC_7c8ae.dir/link.txt --verbose=1
/usr/bin/cc  -fmessage-length=0 -DCHECK_FUNCTION_EXISTS=pthread_create -rdynamic CMakeFiles/cmTC_7c8ae.dir/CheckFunctionExists.c.o -o cmTC_7c8ae  -lpthreads 
/usr/bin/ld: cannot find -lpthreads
collect2: error: ld returned 1 exit status
CMakeFiles/cmTC_7c8ae.dir/build.make:98: recipe for target 'cmTC_7c8ae' failed
make[1]: *** [cmTC_7c8ae] Error 1
make[1]: Leaving directory '/home/isro/isro_ws/build/rtabmap/CMakeFiles/CMakeTmp'
Makefile:127: recipe for target 'cmTC_7c8ae/fast' failed
make: *** [cmTC_7c8ae/fast] Error 2



Determining if the function sgemm_ exists failed with the following output:
Change Dir: /home/isro/isro_ws/build/rtabmap/CMakeFiles/CMakeTmp

Run Build Command(s):/usr/bin/make -f Makefile cmTC_37ec6/fast && /usr/bin/make  -f CMakeFiles/cmTC_37ec6.dir/build.make CMakeFiles/cmTC_37ec6.dir/build
make[1]: Entering directory '/home/isro/isro_ws/build/rtabmap/CMakeFiles/CMakeTmp'
Building C object CMakeFiles/cmTC_37ec6.dir/CheckFunctionExists.c.o
/usr/bin/cc   -fmessage-length=0  -fopenmp -DCHECK_FUNCTION_EXISTS=sgemm_ -o CMakeFiles/cmTC_37ec6.dir/CheckFunctionExists.c.o -c /opt/cmake-3.24.2/share/cmake-3.24/Modules/CheckFunctionExists.c
Linking C executable cmTC_37ec6
/opt/cmake-3.24.2/bin/cmake -E cmake_link_script CMakeFiles/cmTC_37ec6.dir/link.txt --verbose=1
/usr/bin/cc  -fmessage-length=0  -fopenmp -DCHECK_FUNCTION_EXISTS=sgemm_ -rdynamic CMakeFiles/cmTC_37ec6.dir/CheckFunctionExists.c.o -o cmTC_37ec6 
CMakeFiles/cmTC_37ec6.dir/CheckFunctionExists.c.o: In function `main':
CheckFunctionExists.c:(.text+0x10): undefined reference to `sgemm_'
collect2: error: ld returned 1 exit status
CMakeFiles/cmTC_37ec6.dir/build.make:98: recipe for target 'cmTC_37ec6' failed
make[1]: *** [cmTC_37ec6] Error 1
make[1]: Leaving directory '/home/isro/isro_ws/build/rtabmap/CMakeFiles/CMakeTmp'
Makefile:127: recipe for target 'cmTC_37ec6/fast' failed
make: *** [cmTC_37ec6/fast] Error 2



Determining if the function cheev_ exists failed with the following output:
Change Dir: /home/isro/isro_ws/build/rtabmap/CMakeFiles/CMakeTmp

Run Build Command(s):/usr/bin/make -f Makefile cmTC_7189a/fast && /usr/bin/make  -f CMakeFiles/cmTC_7189a.dir/build.make CMakeFiles/cmTC_7189a.dir/build
make[1]: Entering directory '/home/isro/isro_ws/build/rtabmap/CMakeFiles/CMakeTmp'
Building C object CMakeFiles/cmTC_7189a.dir/CheckFunctionExists.c.o
/usr/bin/cc   -fmessage-length=0  -fopenmp -DCHECK_FUNCTION_EXISTS=cheev_ -o CMakeFiles/cmTC_7189a.dir/CheckFunctionExists.c.o -c /opt/cmake-3.24.2/share/cmake-3.24/Modules/CheckFunctionExists.c
Linking C executable cmTC_7189a
/opt/cmake-3.24.2/bin/cmake -E cmake_link_script CMakeFiles/cmTC_7189a.dir/link.txt --verbose=1
/usr/bin/cc  -fmessage-length=0  -fopenmp -DCHECK_FUNCTION_EXISTS=cheev_ -rdynamic CMakeFiles/cmTC_7189a.dir/CheckFunctionExists.c.o -o cmTC_7189a  /usr/lib/aarch64-linux-gnu/libblas.so /usr/lib/aarch64-linux-gnu/libf77blas.so /usr/lib/aarch64-linux-gnu/libatlas.so -lpthread -lm -ldl 
CMakeFiles/cmTC_7189a.dir/CheckFunctionExists.c.o: In function `main':
CheckFunctionExists.c:(.text+0x10): undefined reference to `cheev_'
collect2: error: ld returned 1 exit status
CMakeFiles/cmTC_7189a.dir/build.make:101: recipe for target 'cmTC_7189a' failed
make[1]: *** [cmTC_7189a] Error 1
make[1]: Leaving directory '/home/isro/isro_ws/build/rtabmap/CMakeFiles/CMakeTmp'
Makefile:127: recipe for target 'cmTC_7189a/fast' failed
make: *** [cmTC_7189a/fast] Error 2



